<?xml version="1.0" encoding="UTF-8"?>
<!-- Generated by org.testng.reporters.JUnitXMLReporter -->
<testsuite hostname="CSCINDAF026321" name="BNPParabas" tests="1" failures="1" timestamp="26 Jul 2014 15:43:05 GMT" time="103.397" errors="0">
  <testcase name="EP_SignUpAndCBReservationTest" time="100.492" classname="com.bhs.scripts.employeeportal.EP_CBAndInHomeReservations_Tests">
    <failure type="org.openqa.selenium.support.ui.UnexpectedTagNameException" message="Element should have been &amp;quot;select&amp;quot; but was &amp;quot;input&amp;quot;
Build info: version: &amp;apos;2.32.0&amp;apos;, revision: &amp;apos;6c40c18&amp;apos;, time: &amp;apos;2013-04-09 17:22:56&amp;apos;
System info: os.name: &amp;apos;Windows 7&amp;apos;, os.arch: &amp;apos;x86&amp;apos;, os.version: &amp;apos;6.1&amp;apos;, java.version: &amp;apos;1.7.0&amp;apos;
Driver info: driver.version: unknown">
      <![CDATA[org.openqa.selenium.support.ui.UnexpectedTagNameException: Element should have been "select" but was "input"
Build info: version: '2.32.0', revision: '6c40c18', time: '2013-04-09 17:22:56'
System info: os.name: 'Windows 7', os.arch: 'x86', os.version: '6.1', java.version: '1.7.0'
Driver info: driver.version: unknown
	at org.openqa.selenium.support.ui.Select.<init>(Select.java:46)
	at com.bhs.util.COMMON_METHODS.listBoxSelect(COMMON_METHODS.java:609)
	at com.bhs.BusinessComponents.EP_BusinessComponents.EP_UpdateEmployeeprofile(EP_BusinessComponents.java:392)
	at com.bhs.BusinessComponents.EP_BusinessComponents.EP_Registration(EP_BusinessComponents.java:225)
	at com.bhs.scripts.employeeportal.EP_CBAndInHomeReservations_Tests.EP_SignUpAndCBReservationTest(EP_CBAndInHomeReservations_Tests.java:71)
... Removed 24 stack frames]]>
    </failure>
  </testcase> <!-- EP_SignUpAndCBReservationTest -->
</testsuite> <!-- BNPParabas -->
