<?xml version="1.0" encoding="UTF-8"?>
<!-- Generated by org.testng.reporters.JUnitXMLReporter -->
<testsuite hostname="CSCINDAF026321" name="SkaddenArpsSlateMeagherFlomLLP" tests="1" failures="1" timestamp="27 Aug 2014 06:04:49 GMT" time="153.703" errors="0">
  <testcase name="EP_SignUpAndCBReservationTest" time="150.327" classname="com.bhs.scripts.employeeportal.EP_CBAndInHomeReservations_Tests">
    <failure type="java.lang.AssertionError" message="null">
      <![CDATA[java.lang.AssertionError: null
	at com.bhs.util.REPORTER.LogEvent(REPORTER.java:724)
	at com.bhs.util.REPORTER.catchException(REPORTER.java:1043)
	at com.bhs.util.COMMON_METHODS.editAField(COMMON_METHODS.java:337)
	at com.bhs.BusinessComponents.EP_BusinessComponents.EP_SignUpUser(EP_BusinessComponents.java:108)
	at com.bhs.scripts.employeeportal.EP_CBAndInHomeReservations_Tests.EP_SignUpAndCBReservationTest(EP_CBAndInHomeReservations_Tests.java:51)
... Removed 25 stack frames]]>
    </failure>
  </testcase> <!-- EP_SignUpAndCBReservationTest -->
</testsuite> <!-- SkaddenArpsSlateMeagherFlomLLP -->
