<?xml version="1.0" encoding="UTF-8"?>
<!-- Generated by org.testng.reporters.JUnitReportReporter -->
<testsuite hostname="CSCUSLNAH014094" name="com.bhs.scripts.employeeportal.EP_CareProfiles_Tests" tests="14" failures="13" timestamp="13 Mar 2014 19:31:01 GMT" time="99.757" errors="1">
  <testcase name="EP_CareProfileEmployeeProfileTest" time="0.001" classname="com.bhs.scripts.employeeportal.EP_CareProfiles_Tests"/>
  <testcase name="EP_VerifyAuthorizedContactPage" time="0.000" classname="com.bhs.scripts.employeeportal.EP_CareProfiles_Tests"/>
  <testcase name="EP_CareProfileUpdateHomeLocation" time="0.000" classname="com.bhs.scripts.employeeportal.EP_CareProfiles_Tests"/>
  <testcase name="EP_VerifyAuthorizedContactBenefitAccessNo" time="0.000" classname="com.bhs.scripts.employeeportal.EP_CareProfiles_Tests"/>
  <testcase name="EP_VerifyAuthorizedContactBenefitAccessYes" time="0.001" classname="com.bhs.scripts.employeeportal.EP_CareProfiles_Tests"/>
  <testcase name="EP_CareProfileSignupUser" time="99.749" classname="com.bhs.scripts.employeeportal.EP_CareProfiles_Tests">
    <error type="java.lang.AssertionError" message="null">
      <![CDATA[java.lang.AssertionError: null
	at org.testng.Assert.fail(Assert.java:94)
	at org.testng.Assert.fail(Assert.java:101)
	at com.bhs.util.REPORTER.LogEvent(REPORTER.java:722)
	at com.bhs.util.REPORTER.catchException(REPORTER.java:1041)
	at com.bhs.util.COMMON_METHODS.clickElement(COMMON_METHODS.java:391)
	at com.bhs.BusinessComponents.EP_BusinessComponents.EP_verifyEmployer(EP_BusinessComponents.java:132)
	at com.bhs.scripts.employeeportal.EP_CareProfiles_Tests.EP_CareProfileSignupUser(EP_CareProfiles_Tests.java:37)
	at sun.reflect.NativeMethodAccessorImpl.invoke0(Native Method)
	at sun.reflect.NativeMethodAccessorImpl.invoke(Unknown Source)
	at sun.reflect.DelegatingMethodAccessorImpl.invoke(Unknown Source)
	at java.lang.reflect.Method.invoke(Unknown Source)
	at org.testng.internal.MethodInvocationHelper.invokeMethod(MethodInvocationHelper.java:84)
	at org.testng.internal.Invoker.invokeMethod(Invoker.java:714)
	at org.testng.internal.Invoker.invokeTestMethod(Invoker.java:901)
	at org.testng.internal.Invoker.invokeTestMethods(Invoker.java:1231)
	at org.testng.internal.TestMethodWorker.invokeTestMethods(TestMethodWorker.java:127)
	at org.testng.internal.TestMethodWorker.run(TestMethodWorker.java:111)
	at org.testng.TestRunner.privateRun(TestRunner.java:767)
	at org.testng.TestRunner.run(TestRunner.java:617)
	at org.testng.SuiteRunner.runTest(SuiteRunner.java:334)
	at org.testng.SuiteRunner.runSequentially(SuiteRunner.java:329)
	at org.testng.SuiteRunner.privateRun(SuiteRunner.java:291)
	at org.testng.SuiteRunner.run(SuiteRunner.java:240)
	at org.testng.SuiteRunnerWorker.runSuite(SuiteRunnerWorker.java:52)
	at org.testng.SuiteRunnerWorker.run(SuiteRunnerWorker.java:86)
	at org.testng.TestNG.runSuitesSequentially(TestNG.java:1224)
	at org.testng.TestNG.runSuitesLocally(TestNG.java:1149)
	at org.testng.TestNG.run(TestNG.java:1057)
	at org.testng.remote.RemoteTestNG.run(RemoteTestNG.java:111)
	at org.testng.remote.RemoteTestNG.initAndRun(RemoteTestNG.java:204)
	at org.testng.remote.RemoteTestNG.main(RemoteTestNG.java:175)
]]>
    </error>
  </testcase> <!-- EP_CareProfileSignupUser -->
  <testcase name="EP_CareProfileMyProfileTest" time="0.003" classname="com.bhs.scripts.employeeportal.EP_CareProfiles_Tests"/>
  <testcase name="EP_CareProfileAddCareRecipientsTest" time="0.000" classname="com.bhs.scripts.employeeportal.EP_CareProfiles_Tests"/>
  <testcase name="EP_CareProfileLocations" time="0.001" classname="com.bhs.scripts.employeeportal.EP_CareProfiles_Tests"/>
  <testcase name="EP_VerifyAuthorizedContactRelationshipandPrivilages" time="0.000" classname="com.bhs.scripts.employeeportal.EP_CareProfiles_Tests"/>
  <testcase name="EP_CareProfileICONS" time="0.001" classname="com.bhs.scripts.employeeportal.EP_CareProfiles_Tests"/>
  <testcase name="EP_CareProfileUpdateAuthorizationContacts" time="0.001" classname="com.bhs.scripts.employeeportal.EP_CareProfiles_Tests"/>
  <testcase name="EP_VerifyEmptyAuthorizedContactMessages" time="0.000" classname="com.bhs.scripts.employeeportal.EP_CareProfiles_Tests"/>
  <testcase name="EP_CareProfileAddAuthorizationContacts" time="0.000" classname="com.bhs.scripts.employeeportal.EP_CareProfiles_Tests"/>
</testsuite> <!-- com.bhs.scripts.employeeportal.EP_CareProfiles_Tests -->
